<?xml version="1.0" encoding="UTF-8"?>
<testsuite name="org.banco.service.ClienteServiceImpTest" tests="7" skipped="0" failures="0" errors="0" timestamp="2023-02-19T06:02:04" hostname="DW" time="0.014">
  <properties/>
  <testcase name="atualizarCliente()" classname="org.banco.service.ClienteServiceImpTest" time="0.002"/>
  <testcase name="atualizarClienteNaoExistente()" classname="org.banco.service.ClienteServiceImpTest" time="0.001"/>
  <testcase name="inserirCliente()" classname="org.banco.service.ClienteServiceImpTest" time="0.001"/>
  <testcase name="procurarClienteNaoExistente()" classname="org.banco.service.ClienteServiceImpTest" time="0.001"/>
  <testcase name="procurarCliente()" classname="org.banco.service.ClienteServiceImpTest" time="0.0"/>
  <testcase name="removerClienteNaoExistente()" classname="org.banco.service.ClienteServiceImpTest" time="0.001"/>
  <testcase name="removerCliente()" classname="org.banco.service.ClienteServiceImpTest" time="0.002"/>
  <system-out><![CDATA[]]></system-out>
  <system-err><![CDATA[]]></system-err>
</testsuite>
