<?xml version="1.0" encoding="UTF-8"?>
<testsuite name="org.banco.service.ContaServiceImpTest" tests="8" skipped="0" failures="0" errors="0" timestamp="2023-02-19T06:02:04" hostname="DW" time="0.01">
  <properties/>
  <testcase name="testAtualizarException()" classname="org.banco.service.ContaServiceImpTest" time="0.001"/>
  <testcase name="testProcurar()" classname="org.banco.service.ContaServiceImpTest" time="0.001"/>
  <testcase name="testProcurarException()" classname="org.banco.service.ContaServiceImpTest" time="0.002"/>
  <testcase name="testRemoverException()" classname="org.banco.service.ContaServiceImpTest" time="0.001"/>
  <testcase name="testRemover()" classname="org.banco.service.ContaServiceImpTest" time="0.0"/>
  <testcase name="testAtualizar()" classname="org.banco.service.ContaServiceImpTest" time="0.001"/>
  <testcase name="testExiste()" classname="org.banco.service.ContaServiceImpTest" time="0.001"/>
  <testcase name="testInserir()" classname="org.banco.service.ContaServiceImpTest" time="0.001"/>
  <system-out><![CDATA[]]></system-out>
  <system-err><![CDATA[]]></system-err>
</testsuite>
