<?xml version="1.0" encoding="UTF-8"?>
<testsuite name="org.banco.model.ContaTest" tests="9" skipped="0" failures="0" errors="0" timestamp="2023-02-19T06:02:04" hostname="DW" time="0.011">
  <properties/>
  <testcase name="testCreditar()" classname="org.banco.model.ContaTest" time="0.0"/>
  <testcase name="testDiminuiSaldo()" classname="org.banco.model.ContaTest" time="0.0"/>
  <testcase name="testTransferirSaldoInsuficiente()" classname="org.banco.model.ContaTest" time="0.002"/>
  <testcase name="testDebitar()" classname="org.banco.model.ContaTest" time="0.001"/>
  <testcase name="testGetCliente()" classname="org.banco.model.ContaTest" time="0.001"/>
  <testcase name="testDebitarSaldoInsuficiente()" classname="org.banco.model.ContaTest" time="0.001"/>
  <testcase name="testTransferir()" classname="org.banco.model.ContaTest" time="0.0"/>
  <testcase name="testConstrutor1()" classname="org.banco.model.ContaTest" time="0.001"/>
  <testcase name="testConstrutor2()" classname="org.banco.model.ContaTest" time="0.001"/>
  <system-out><![CDATA[]]></system-out>
  <system-err><![CDATA[]]></system-err>
</testsuite>
